d:\work\src\github\code\qtdemo\vv\txliteavsdk_trtc_win_latest\trtc-api-example-qt\build\immediate\win32\debug\qtdemo\qrc_translation.obj
d:\work\src\github\code\qtdemo\vv\txliteavsdk_trtc_win_latest\trtc-api-example-qt\build\immediate\win32\debug\qtdemo\moc_main_window.obj
d:\work\src\github\code\qtdemo\vv\txliteavsdk_trtc_win_latest\trtc-api-example-qt\build\immediate\win32\debug\qtdemo\moc_test_cdn_player.obj
d:\work\src\github\code\qtdemo\vv\txliteavsdk_trtc_win_latest\trtc-api-example-qt\build\immediate\win32\debug\qtdemo\moc_test_device_manager.obj
d:\work\src\github\code\qtdemo\vv\txliteavsdk_trtc_win_latest\trtc-api-example-qt\build\immediate\win32\debug\qtdemo\moc_test_screen_share_setting.obj
d:\work\src\github\code\qtdemo\vv\txliteavsdk_trtc_win_latest\trtc-api-example-qt\build\immediate\win32\debug\qtdemo\moc_test_video_setting.obj
d:\work\src\github\code\qtdemo\vv\txliteavsdk_trtc_win_latest\trtc-api-example-qt\build\immediate\win32\debug\qtdemo\moc_gl_yuv_widget.obj
d:\work\src\github\code\qtdemo\vv\txliteavsdk_trtc_win_latest\trtc-api-example-qt\build\immediate\win32\debug\qtdemo\moc_test_audio_setting.obj
d:\work\src\github\code\qtdemo\vv\txliteavsdk_trtc_win_latest\trtc-api-example-qt\build\immediate\win32\debug\qtdemo\moc_test_connect_other_room.obj
d:\work\src\github\code\qtdemo\vv\txliteavsdk_trtc_win_latest\trtc-api-example-qt\build\immediate\win32\debug\qtdemo\moc_test_log_setting.obj
d:\work\src\github\code\qtdemo\vv\txliteavsdk_trtc_win_latest\trtc-api-example-qt\build\immediate\win32\debug\qtdemo\moc_test_user_screen_share_view.obj
d:\work\src\github\code\qtdemo\vv\txliteavsdk_trtc_win_latest\trtc-api-example-qt\build\immediate\win32\debug\qtdemo\qrc_audio.obj
d:\work\src\github\code\qtdemo\vv\txliteavsdk_trtc_win_latest\trtc-api-example-qt\build\immediate\win32\debug\qtdemo\moc_screen_share_selection_item.obj
d:\work\src\github\code\qtdemo\vv\txliteavsdk_trtc_win_latest\trtc-api-example-qt\build\immediate\win32\debug\qtdemo\moc_test_audio_record.obj
d:\work\src\github\code\qtdemo\vv\txliteavsdk_trtc_win_latest\trtc-api-example-qt\build\immediate\win32\debug\qtdemo\moc_test_cdn_publish.obj
d:\work\src\github\code\qtdemo\vv\txliteavsdk_trtc_win_latest\trtc-api-example-qt\build\immediate\win32\debug\qtdemo\moc_test_mix_stream_publish.obj
d:\work\src\github\code\qtdemo\vv\txliteavsdk_trtc_win_latest\trtc-api-example-qt\build\immediate\win32\debug\qtdemo\moc_test_subcloud_setting.obj
d:\work\src\github\code\qtdemo\vv\txliteavsdk_trtc_win_latest\trtc-api-example-qt\build\immediate\win32\debug\qtdemo\moc_testopengl.obj
d:\work\src\github\code\qtdemo\vv\txliteavsdk_trtc_win_latest\trtc-api-example-qt\build\immediate\win32\debug\qtdemo\moc_test_bgm_setting.obj
d:\work\src\github\code\qtdemo\vv\txliteavsdk_trtc_win_latest\trtc-api-example-qt\build\immediate\win32\debug\qtdemo\moc_test_custom_message.obj
d:\work\src\github\code\qtdemo\vv\txliteavsdk_trtc_win_latest\trtc-api-example-qt\build\immediate\win32\debug\qtdemo\moc_test_network_check.obj
d:\work\src\github\code\qtdemo\vv\txliteavsdk_trtc_win_latest\trtc-api-example-qt\build\immediate\win32\debug\qtdemo\moc_test_video_detect.obj
d:\work\src\github\code\qtdemo\vv\txliteavsdk_trtc_win_latest\trtc-api-example-qt\build\immediate\win32\debug\qtdemo\qrc_image.obj
d:\work\src\github\code\qtdemo\vv\txliteavsdk_trtc_win_latest\trtc-api-example-qt\build\immediate\win32\debug\qtdemo\moc_test_audio_detect.obj
d:\work\src\github\code\qtdemo\vv\txliteavsdk_trtc_win_latest\trtc-api-example-qt\build\immediate\win32\debug\qtdemo\moc_test_beauty_and_watermark.obj
d:\work\src\github\code\qtdemo\vv\txliteavsdk_trtc_win_latest\trtc-api-example-qt\build\immediate\win32\debug\qtdemo\moc_test_custom_capture.obj
d:\work\src\github\code\qtdemo\vv\txliteavsdk_trtc_win_latest\trtc-api-example-qt\build\immediate\win32\debug\qtdemo\moc_test_screen_share_select_screen.obj
d:\work\src\github\code\qtdemo\vv\txliteavsdk_trtc_win_latest\trtc-api-example-qt\build\immediate\win32\debug\qtdemo\moc_test_user_video_group.obj
d:\work\src\github\code\qtdemo\vv\txliteavsdk_trtc_win_latest\trtc-api-example-qt\build\immediate\win32\debug\qtdemo\moc_base_dialog.obj
d:\work\src\github\code\qtdemo\vv\txliteavsdk_trtc_win_latest\trtc-api-example-qt\build\immediate\win32\debug\qtdemo\moc_test_base_scene.obj
d:\work\src\github\code\qtdemo\vv\txliteavsdk_trtc_win_latest\trtc-api-example-qt\build\immediate\win32\debug\qtdemo\moc_test_custom_render.obj
d:\work\src\github\code\qtdemo\vv\txliteavsdk_trtc_win_latest\trtc-api-example-qt\build\immediate\win32\debug\qtdemo\moc_test_screen_share_select_window.obj
d:\work\src\github\code\qtdemo\vv\txliteavsdk_trtc_win_latest\trtc-api-example-qt\build\immediate\win32\debug\qtdemo\moc_test_user_video_item.obj
d:\work\src\github\code\qtdemo\vv\txliteavsdk_trtc_win_latest\trtc-api-example-qt\build\immediate\win32\debug\qtdemo\vc141.pdb
d:\work\src\github\code\qtdemo\vv\txliteavsdk_trtc_win_latest\trtc-api-example-qt\build\immediate\win32\debug\qtdemo\gl_yuv_widget.obj
d:\work\src\github\code\qtdemo\vv\txliteavsdk_trtc_win_latest\trtc-api-example-qt\build\immediate\win32\debug\qtdemo\test_audio_setting.obj
d:\work\src\github\code\qtdemo\vv\txliteavsdk_trtc_win_latest\trtc-api-example-qt\build\immediate\win32\debug\qtdemo\test_connect_other_room.obj
d:\work\src\github\code\qtdemo\vv\txliteavsdk_trtc_win_latest\trtc-api-example-qt\build\immediate\win32\debug\qtdemo\test_mix_stream_publish.obj
d:\work\src\github\code\qtdemo\vv\txliteavsdk_trtc_win_latest\trtc-api-example-qt\build\immediate\win32\debug\qtdemo\test_user_screen_share_view.obj
d:\work\src\github\code\qtdemo\vv\txliteavsdk_trtc_win_latest\trtc-api-example-qt\build\immediate\win32\debug\qtdemo\tx_liveplayer_proxy.obj
d:\work\src\github\code\qtdemo\vv\txliteavsdk_trtc_win_latest\trtc-api-example-qt\build\immediate\win32\debug\qtdemo\testopengl.obj
d:\work\src\github\code\qtdemo\vv\txliteavsdk_trtc_win_latest\trtc-api-example-qt\build\immediate\win32\debug\qtdemo\base_dialog.obj
d:\work\src\github\code\qtdemo\vv\txliteavsdk_trtc_win_latest\trtc-api-example-qt\build\immediate\win32\debug\qtdemo\test_audio_record.obj
d:\work\src\github\code\qtdemo\vv\txliteavsdk_trtc_win_latest\trtc-api-example-qt\build\immediate\win32\debug\qtdemo\test_cdn_publish.obj
d:\work\src\github\code\qtdemo\vv\txliteavsdk_trtc_win_latest\trtc-api-example-qt\build\immediate\win32\debug\qtdemo\test_log_setting.obj
d:\work\src\github\code\qtdemo\vv\txliteavsdk_trtc_win_latest\trtc-api-example-qt\build\immediate\win32\debug\qtdemo\test_subcloud_setting.obj
d:\work\src\github\code\qtdemo\vv\txliteavsdk_trtc_win_latest\trtc-api-example-qt\build\immediate\win32\debug\qtdemo\translator.obj
d:\work\src\github\code\qtdemo\vv\txliteavsdk_trtc_win_latest\trtc-api-example-qt\build\immediate\win32\debug\qtdemo\generatetestusersig.obj
d:\work\src\github\code\qtdemo\vv\txliteavsdk_trtc_win_latest\trtc-api-example-qt\build\immediate\win32\debug\qtdemo\test_audio_detect.obj
d:\work\src\github\code\qtdemo\vv\txliteavsdk_trtc_win_latest\trtc-api-example-qt\build\immediate\win32\debug\qtdemo\test_cdn_player.obj
d:\work\src\github\code\qtdemo\vv\txliteavsdk_trtc_win_latest\trtc-api-example-qt\build\immediate\win32\debug\qtdemo\test_device_manager.obj
d:\work\src\github\code\qtdemo\vv\txliteavsdk_trtc_win_latest\trtc-api-example-qt\build\immediate\win32\debug\qtdemo\test_screen_share_setting.obj
d:\work\src\github\code\qtdemo\vv\txliteavsdk_trtc_win_latest\trtc-api-example-qt\build\immediate\win32\debug\qtdemo\test_video_setting.obj
d:\work\src\github\code\qtdemo\vv\txliteavsdk_trtc_win_latest\trtc-api-example-qt\build\immediate\win32\debug\qtdemo\room_info_holder.obj
d:\work\src\github\code\qtdemo\vv\txliteavsdk_trtc_win_latest\trtc-api-example-qt\build\immediate\win32\debug\qtdemo\screen_share_selection_item.obj
d:\work\src\github\code\qtdemo\vv\txliteavsdk_trtc_win_latest\trtc-api-example-qt\build\immediate\win32\debug\qtdemo\test_custom_message.obj
d:\work\src\github\code\qtdemo\vv\txliteavsdk_trtc_win_latest\trtc-api-example-qt\build\immediate\win32\debug\qtdemo\test_network_check.obj
d:\work\src\github\code\qtdemo\vv\txliteavsdk_trtc_win_latest\trtc-api-example-qt\build\immediate\win32\debug\qtdemo\test_user_video_group.obj
d:\work\src\github\code\qtdemo\vv\txliteavsdk_trtc_win_latest\trtc-api-example-qt\build\immediate\win32\debug\qtdemo\fu_shared_obj.obj
d:\work\src\github\code\qtdemo\vv\txliteavsdk_trtc_win_latest\trtc-api-example-qt\build\immediate\win32\debug\qtdemo\main_window.obj
d:\work\src\github\code\qtdemo\vv\txliteavsdk_trtc_win_latest\trtc-api-example-qt\build\immediate\win32\debug\qtdemo\test_bgm_setting.obj
d:\work\src\github\code\qtdemo\vv\txliteavsdk_trtc_win_latest\trtc-api-example-qt\build\immediate\win32\debug\qtdemo\test_custom_render.obj
d:\work\src\github\code\qtdemo\vv\txliteavsdk_trtc_win_latest\trtc-api-example-qt\build\immediate\win32\debug\qtdemo\test_screen_share_select_screen.obj
d:\work\src\github\code\qtdemo\vv\txliteavsdk_trtc_win_latest\trtc-api-example-qt\build\immediate\win32\debug\qtdemo\test_video_detect.obj
d:\work\src\github\code\qtdemo\vv\txliteavsdk_trtc_win_latest\trtc-api-example-qt\build\immediate\win32\debug\qtdemo\main.obj
d:\work\src\github\code\qtdemo\vv\txliteavsdk_trtc_win_latest\trtc-api-example-qt\build\immediate\win32\debug\qtdemo\test_beauty_and_watermark.obj
d:\work\src\github\code\qtdemo\vv\txliteavsdk_trtc_win_latest\trtc-api-example-qt\build\immediate\win32\debug\qtdemo\test_custom_capture.obj
d:\work\src\github\code\qtdemo\vv\txliteavsdk_trtc_win_latest\trtc-api-example-qt\build\immediate\win32\debug\qtdemo\test_screen_share_select_window.obj
d:\work\src\github\code\qtdemo\vv\txliteavsdk_trtc_win_latest\trtc-api-example-qt\build\immediate\win32\debug\qtdemo\test_user_video_item.obj
d:\work\src\github\code\qtdemo\vv\txliteavsdk_trtc_win_latest\trtc-api-example-qt\build\immediate\win32\debug\qtdemo\fu_tool.obj
d:\work\src\github\code\qtdemo\vv\txliteavsdk_trtc_win_latest\trtc-api-example-qt\build\immediate\win32\debug\qtdemo\nama.obj
d:\work\src\github\code\qtdemo\vv\txliteavsdk_trtc_win_latest\trtc-api-example-qt\build\immediate\win32\debug\qtdemo\test_base_scene.obj
d:\work\src\github\code\qtdemo\vv\txliteavsdk_trtc_win_latest\trtc-api-example-qt\build\immediate\win32\debug\qtdemo\mainwindow.obj
d:\work\src\github\code\qtdemo\vv\txliteavsdk_trtc_win_latest\trtc-api-example-qt\build\immediate\win32\debug\qtdemo\moc_mainwindow.obj
d:\work\src\github\code\qtdemo\vv\txliteavsdk_trtc_win_latest\trtc-api-example-qt\build\immediate\win64\debug\qtdemo\moc_predefs.h
d:\work\src\github\code\qtdemo\vv\txliteavsdk_trtc_win_latest\trtc-api-example-qt\build\bin\win32\debug\qtdemo.exe
d:\work\src\github\code\qtdemo\vv\txliteavsdk_trtc_win_latest\trtc-api-example-qt\build\bin\win32\debug\qtdemo.ilk
d:\work\src\github\code\qtdemo\vv\txliteavsdk_trtc_win_latest\trtc-api-example-qt\build\bin\win32\debug\qtdemo.pdb
d:\work\src\github\code\qtdemo\vv\txliteavsdk_trtc_win_latest\trtc-api-example-qt\build\immediate\win32\debug\qtdemo\moc_mainwindow.cpp
d:\work\src\github\code\qtdemo\vv\txliteavsdk_trtc_win_latest\trtc-api-example-qt\build\immediate\win32\debug\qtdemo\moc_base_dialog.cpp
d:\work\src\github\code\qtdemo\vv\txliteavsdk_trtc_win_latest\trtc-api-example-qt\build\immediate\win32\debug\qtdemo\moc_gl_yuv_widget.cpp
d:\work\src\github\code\qtdemo\vv\txliteavsdk_trtc_win_latest\trtc-api-example-qt\build\immediate\win32\debug\qtdemo\moc_main_window.cpp
d:\work\src\github\code\qtdemo\vv\txliteavsdk_trtc_win_latest\trtc-api-example-qt\build\immediate\win32\debug\qtdemo\moc_screen_share_selection_item.cpp
d:\work\src\github\code\qtdemo\vv\txliteavsdk_trtc_win_latest\trtc-api-example-qt\build\immediate\win32\debug\qtdemo\moc_test_audio_detect.cpp
d:\work\src\github\code\qtdemo\vv\txliteavsdk_trtc_win_latest\trtc-api-example-qt\build\immediate\win32\debug\qtdemo\moc_test_audio_record.cpp
d:\work\src\github\code\qtdemo\vv\txliteavsdk_trtc_win_latest\trtc-api-example-qt\build\immediate\win32\debug\qtdemo\moc_test_audio_setting.cpp
d:\work\src\github\code\qtdemo\vv\txliteavsdk_trtc_win_latest\trtc-api-example-qt\build\immediate\win32\debug\qtdemo\moc_test_base_scene.cpp
d:\work\src\github\code\qtdemo\vv\txliteavsdk_trtc_win_latest\trtc-api-example-qt\build\immediate\win32\debug\qtdemo\moc_test_beauty_and_watermark.cpp
d:\work\src\github\code\qtdemo\vv\txliteavsdk_trtc_win_latest\trtc-api-example-qt\build\immediate\win32\debug\qtdemo\moc_test_bgm_setting.cpp
d:\work\src\github\code\qtdemo\vv\txliteavsdk_trtc_win_latest\trtc-api-example-qt\build\immediate\win32\debug\qtdemo\moc_test_cdn_player.cpp
d:\work\src\github\code\qtdemo\vv\txliteavsdk_trtc_win_latest\trtc-api-example-qt\build\immediate\win32\debug\qtdemo\moc_test_cdn_publish.cpp
d:\work\src\github\code\qtdemo\vv\txliteavsdk_trtc_win_latest\trtc-api-example-qt\build\immediate\win32\debug\qtdemo\moc_test_connect_other_room.cpp
d:\work\src\github\code\qtdemo\vv\txliteavsdk_trtc_win_latest\trtc-api-example-qt\build\immediate\win32\debug\qtdemo\moc_test_custom_capture.cpp
d:\work\src\github\code\qtdemo\vv\txliteavsdk_trtc_win_latest\trtc-api-example-qt\build\immediate\win32\debug\qtdemo\moc_test_custom_message.cpp
d:\work\src\github\code\qtdemo\vv\txliteavsdk_trtc_win_latest\trtc-api-example-qt\build\immediate\win32\debug\qtdemo\moc_test_custom_render.cpp
d:\work\src\github\code\qtdemo\vv\txliteavsdk_trtc_win_latest\trtc-api-example-qt\build\immediate\win32\debug\qtdemo\moc_test_device_manager.cpp
d:\work\src\github\code\qtdemo\vv\txliteavsdk_trtc_win_latest\trtc-api-example-qt\build\immediate\win32\debug\qtdemo\moc_test_log_setting.cpp
d:\work\src\github\code\qtdemo\vv\txliteavsdk_trtc_win_latest\trtc-api-example-qt\build\immediate\win32\debug\qtdemo\moc_test_mix_stream_publish.cpp
d:\work\src\github\code\qtdemo\vv\txliteavsdk_trtc_win_latest\trtc-api-example-qt\build\immediate\win32\debug\qtdemo\moc_test_network_check.cpp
d:\work\src\github\code\qtdemo\vv\txliteavsdk_trtc_win_latest\trtc-api-example-qt\build\immediate\win32\debug\qtdemo\moc_test_screen_share_select_screen.cpp
d:\work\src\github\code\qtdemo\vv\txliteavsdk_trtc_win_latest\trtc-api-example-qt\build\immediate\win32\debug\qtdemo\moc_test_screen_share_select_window.cpp
d:\work\src\github\code\qtdemo\vv\txliteavsdk_trtc_win_latest\trtc-api-example-qt\build\immediate\win32\debug\qtdemo\moc_test_screen_share_setting.cpp
d:\work\src\github\code\qtdemo\vv\txliteavsdk_trtc_win_latest\trtc-api-example-qt\build\immediate\win32\debug\qtdemo\moc_test_subcloud_setting.cpp
d:\work\src\github\code\qtdemo\vv\txliteavsdk_trtc_win_latest\trtc-api-example-qt\build\immediate\win32\debug\qtdemo\moc_test_user_screen_share_view.cpp
d:\work\src\github\code\qtdemo\vv\txliteavsdk_trtc_win_latest\trtc-api-example-qt\build\immediate\win32\debug\qtdemo\moc_test_user_video_group.cpp
d:\work\src\github\code\qtdemo\vv\txliteavsdk_trtc_win_latest\trtc-api-example-qt\build\immediate\win32\debug\qtdemo\moc_test_user_video_item.cpp
d:\work\src\github\code\qtdemo\vv\txliteavsdk_trtc_win_latest\trtc-api-example-qt\build\immediate\win32\debug\qtdemo\moc_test_video_detect.cpp
d:\work\src\github\code\qtdemo\vv\txliteavsdk_trtc_win_latest\trtc-api-example-qt\build\immediate\win32\debug\qtdemo\moc_test_video_setting.cpp
d:\work\src\github\code\qtdemo\vv\txliteavsdk_trtc_win_latest\trtc-api-example-qt\build\immediate\win32\debug\qtdemo\ui_mainwindow.h
d:\work\src\github\code\qtdemo\vv\txliteavsdk_trtc_win_latest\trtc-api-example-qt\build\immediate\win32\debug\qtdemo\ui_screenshareselectionitem.h
d:\work\src\github\code\qtdemo\vv\txliteavsdk_trtc_win_latest\trtc-api-example-qt\build\immediate\win32\debug\qtdemo\ui_testaudiodetectdialog.h
d:\work\src\github\code\qtdemo\vv\txliteavsdk_trtc_win_latest\trtc-api-example-qt\build\immediate\win32\debug\qtdemo\ui_testaudiorecorddialog.h
d:\work\src\github\code\qtdemo\vv\txliteavsdk_trtc_win_latest\trtc-api-example-qt\build\immediate\win32\debug\qtdemo\ui_testaudiosettingdialog.h
d:\work\src\github\code\qtdemo\vv\txliteavsdk_trtc_win_latest\trtc-api-example-qt\build\immediate\win32\debug\qtdemo\ui_testbgmsettingdialog.h
d:\work\src\github\code\qtdemo\vv\txliteavsdk_trtc_win_latest\trtc-api-example-qt\build\immediate\win32\debug\qtdemo\ui_testbeautyandwatermarkdialog.h
d:\work\src\github\code\qtdemo\vv\txliteavsdk_trtc_win_latest\trtc-api-example-qt\build\immediate\win32\debug\qtdemo\ui_testcdnplayerdialog.h
d:\work\src\github\code\qtdemo\vv\txliteavsdk_trtc_win_latest\trtc-api-example-qt\build\immediate\win32\debug\qtdemo\ui_testcdnpublishdialog.h
d:\work\src\github\code\qtdemo\vv\txliteavsdk_trtc_win_latest\trtc-api-example-qt\build\immediate\win32\debug\qtdemo\ui_testcustomcapturedialog.h
d:\work\src\github\code\qtdemo\vv\txliteavsdk_trtc_win_latest\trtc-api-example-qt\build\immediate\win32\debug\qtdemo\ui_testcustommessagedialog.h
d:\work\src\github\code\qtdemo\vv\txliteavsdk_trtc_win_latest\trtc-api-example-qt\build\immediate\win32\debug\qtdemo\ui_testcustomrenderdialog.h
d:\work\src\github\code\qtdemo\vv\txliteavsdk_trtc_win_latest\trtc-api-example-qt\build\immediate\win32\debug\qtdemo\ui_testdevicemanagerdialog.h
d:\work\src\github\code\qtdemo\vv\txliteavsdk_trtc_win_latest\trtc-api-example-qt\build\immediate\win32\debug\qtdemo\ui_testlogsettingdialog.h
d:\work\src\github\code\qtdemo\vv\txliteavsdk_trtc_win_latest\trtc-api-example-qt\build\immediate\win32\debug\qtdemo\ui_testmixstreampublishdialog.h
d:\work\src\github\code\qtdemo\vv\txliteavsdk_trtc_win_latest\trtc-api-example-qt\build\immediate\win32\debug\qtdemo\ui_testnetworkcheckdialog.h
d:\work\src\github\code\qtdemo\vv\txliteavsdk_trtc_win_latest\trtc-api-example-qt\build\immediate\win32\debug\qtdemo\ui_testscreenshareselectscreendialog.h
d:\work\src\github\code\qtdemo\vv\txliteavsdk_trtc_win_latest\trtc-api-example-qt\build\immediate\win32\debug\qtdemo\ui_testscreenshareselectwindowdialog.h
d:\work\src\github\code\qtdemo\vv\txliteavsdk_trtc_win_latest\trtc-api-example-qt\build\immediate\win32\debug\qtdemo\ui_testscreensharesettingdialog.h
d:\work\src\github\code\qtdemo\vv\txliteavsdk_trtc_win_latest\trtc-api-example-qt\build\immediate\win32\debug\qtdemo\ui_testuserscreenshareviewdialog.h
d:\work\src\github\code\qtdemo\vv\txliteavsdk_trtc_win_latest\trtc-api-example-qt\build\immediate\win32\debug\qtdemo\ui_testuservideogroup.h
d:\work\src\github\code\qtdemo\vv\txliteavsdk_trtc_win_latest\trtc-api-example-qt\build\immediate\win32\debug\qtdemo\ui_testuservideoitem.h
d:\work\src\github\code\qtdemo\vv\txliteavsdk_trtc_win_latest\trtc-api-example-qt\build\immediate\win32\debug\qtdemo\ui_testvideodetectdialog.h
d:\work\src\github\code\qtdemo\vv\txliteavsdk_trtc_win_latest\trtc-api-example-qt\build\immediate\win32\debug\qtdemo\ui_testvideosettingdialog.h
d:\work\src\github\code\qtdemo\vv\txliteavsdk_trtc_win_latest\trtc-api-example-qt\build\immediate\win32\debug\qtdemo\ui_testopengl.h
d:\work\src\github\code\qtdemo\vv\txliteavsdk_trtc_win_latest\trtc-api-example-qt\build\immediate\win32\debug\qtdemo\qrc_audio.cpp
d:\work\src\github\code\qtdemo\vv\txliteavsdk_trtc_win_latest\trtc-api-example-qt\build\immediate\win32\debug\qtdemo\qrc_image.cpp
d:\work\src\github\code\qtdemo\vv\txliteavsdk_trtc_win_latest\trtc-api-example-qt\build\immediate\win32\debug\qtdemo\qrc_translation.cpp
d:\work\src\github\code\qtdemo\vv\txliteavsdk_trtc_win_latest\trtc-api-example-qt\build\immediate\win32\debug\qtdemo\moc_testopengl.cpp
d:\work\src\github\code\qtdemo\vv\txliteavsdk_trtc_win_latest\trtc-api-example-qt\build\immediate\win32\debug\qtdemo\qtdemo.tlog\cl.command.1.tlog
d:\work\src\github\code\qtdemo\vv\txliteavsdk_trtc_win_latest\trtc-api-example-qt\build\immediate\win32\debug\qtdemo\qtdemo.tlog\cl.read.1.tlog
d:\work\src\github\code\qtdemo\vv\txliteavsdk_trtc_win_latest\trtc-api-example-qt\build\immediate\win32\debug\qtdemo\qtdemo.tlog\cl.write.1.tlog
d:\work\src\github\code\qtdemo\vv\txliteavsdk_trtc_win_latest\trtc-api-example-qt\build\immediate\win32\debug\qtdemo\qtdemo.tlog\custombuild.command.1.tlog
d:\work\src\github\code\qtdemo\vv\txliteavsdk_trtc_win_latest\trtc-api-example-qt\build\immediate\win32\debug\qtdemo\qtdemo.tlog\custombuild.read.1.tlog
d:\work\src\github\code\qtdemo\vv\txliteavsdk_trtc_win_latest\trtc-api-example-qt\build\immediate\win32\debug\qtdemo\qtdemo.tlog\custombuild.write.1.tlog
d:\work\src\github\code\qtdemo\vv\txliteavsdk_trtc_win_latest\trtc-api-example-qt\build\immediate\win32\debug\qtdemo\qtdemo.tlog\link.command.1.tlog
d:\work\src\github\code\qtdemo\vv\txliteavsdk_trtc_win_latest\trtc-api-example-qt\build\immediate\win32\debug\qtdemo\qtdemo.tlog\link.read.1.tlog
d:\work\src\github\code\qtdemo\vv\txliteavsdk_trtc_win_latest\trtc-api-example-qt\build\immediate\win32\debug\qtdemo\qtdemo.tlog\link.write.1.tlog
d:\work\src\github\code\qtdemo\vv\txliteavsdk_trtc_win_latest\trtc-api-example-qt\build\immediate\win32\debug\qtdemo\qtdemo.tlog\moc.read.1u.tlog
d:\work\src\github\code\qtdemo\vv\txliteavsdk_trtc_win_latest\trtc-api-example-qt\build\immediate\win32\debug\qtdemo\qtdemo.tlog\moc.write.1u.tlog
d:\work\src\github\code\qtdemo\vv\txliteavsdk_trtc_win_latest\trtc-api-example-qt\build\immediate\win32\debug\qtdemo\qtdemo.tlog\qtdemo.write.1u.tlog
d:\work\src\github\code\qtdemo\vv\txliteavsdk_trtc_win_latest\trtc-api-example-qt\build\immediate\win32\debug\qtdemo\qtdemo.tlog\rcc.read.1u.tlog
d:\work\src\github\code\qtdemo\vv\txliteavsdk_trtc_win_latest\trtc-api-example-qt\build\immediate\win32\debug\qtdemo\qtdemo.tlog\rcc.write.1u.tlog
d:\work\src\github\code\qtdemo\vv\txliteavsdk_trtc_win_latest\trtc-api-example-qt\build\immediate\win32\debug\qtdemo\qtdemo.tlog\uic.read.1u.tlog
d:\work\src\github\code\qtdemo\vv\txliteavsdk_trtc_win_latest\trtc-api-example-qt\build\immediate\win32\debug\qtdemo\qtdemo.tlog\uic.write.1u.tlog
